TN:
SF:__tests__/utils/trucante.js
FN:3,Object.<anonymous>.module.exports
FNF:1
FNH:1
FNDA:2,Object.<anonymous>.module.exports
DA:1,1
DA:2,1
DA:3,1
DA:4,2
DA:5,2
DA:6,2
DA:7,2
DA:8,2
DA:9,2
LF:9
LH:9
BRDA:3,0,0,2
BRDA:5,1,0,2
BRF:2
BRH:2
end_of_record
TN:
SF:src/app.js
FN:8,AppController
FN:14,middlewares
FN:18,routes
FNF:3
FNH:3
FNDA:1,AppController
FNDA:1,middlewares
FNDA:1,routes
DA:1,1
DA:2,1
DA:3,1
DA:4,1
DA:5,1
DA:6,1
DA:7,1
DA:8,1
DA:9,1
DA:10,1
DA:11,1
DA:12,1
DA:13,1
DA:14,1
DA:15,1
DA:16,1
DA:17,1
DA:18,1
DA:19,1
DA:20,1
DA:21,1
DA:22,1
DA:23,1
LF:23
LH:23
BRDA:2,0,0,0
BRDA:8,1,0,1
BRDA:14,2,0,1
BRDA:18,3,0,1
BRF:4
BRH:3
end_of_record
TN:
SF:src/routes.js
FNF:0
FNH:0
DA:1,1
DA:2,1
DA:3,1
DA:4,1
DA:5,1
DA:6,1
DA:7,1
DA:8,1
LF:8
LH:8
BRF:0
BRH:0
end_of_record
TN:
SF:src/app/models/Game.js
FN:1,Object.<anonymous>.module.exports
FNF:1
FNH:1
FNDA:2,Object.<anonymous>.module.exports
DA:1,1
DA:2,2
DA:3,2
DA:4,2
DA:5,2
DA:6,2
DA:7,2
DA:8,2
DA:9,2
LF:9
LH:9
BRDA:1,0,0,2
BRF:1
BRH:1
end_of_record
TN:
SF:src/app/models/index.js
FNF:0
FNH:0
DA:1,1
DA:2,1
DA:3,1
DA:4,1
DA:5,1
DA:6,1
DA:7,1
DA:8,1
DA:9,1
DA:10,1
DA:11,1
DA:12,1
DA:13,1
DA:14,1
DA:15,1
DA:16,1
DA:17,1
DA:18,1
DA:19,4
DA:20,4
DA:21,4
DA:22,4
DA:23,1
DA:24,2
DA:25,2
DA:26,2
DA:27,2
DA:28,2
DA:29,2
DA:30,1
DA:31,1
DA:32,2
DA:33,0
DA:34,0
DA:35,2
DA:36,1
DA:37,1
DA:38,1
DA:39,1
DA:40,1
LF:40
LH:38
BRDA:18,0,0,4
BRDA:20,1,0,2
BRDA:23,2,0,2
BRDA:31,3,0,2
BRDA:32,4,0,0
BRF:5
BRH:4
end_of_record
TN:
SF:src/config/database.js
FNF:0
FNH:0
DA:1,1
DA:2,1
DA:3,1
DA:4,1
DA:5,1
DA:6,1
DA:7,1
DA:8,1
DA:9,1
DA:10,1
DA:11,1
DA:12,1
DA:13,1
DA:14,1
DA:15,1
DA:16,1
DA:17,1
DA:18,1
LF:18
LH:18
BRDA:2,0,0,0
BRDA:10,1,0,0
BRF:2
BRH:0
end_of_record
TN:
SF:src/controllers/game.controller.js
FN:8,registerNewGame
FN:21,startGame
FN:54,checkLetter
FNF:3
FNH:3
FNDA:4,registerNewGame
FNDA:3,startGame
FNDA:2,checkLetter
DA:1,1
DA:2,1
DA:3,1
DA:4,1
DA:5,1
DA:6,1
DA:7,1
DA:8,1
DA:9,4
DA:10,4
DA:11,1
DA:12,1
DA:13,3
DA:14,4
DA:15,2
DA:16,4
DA:17,1
DA:18,1
DA:19,4
DA:20,1
DA:21,1
DA:22,3
DA:23,3
DA:24,3
DA:25,3
DA:26,2
DA:27,2
DA:28,3
DA:29,0
DA:30,0
DA:31,1
DA:32,1
DA:33,1
DA:34,1
DA:35,1
DA:36,1
DA:37,1
DA:38,1
DA:39,1
DA:40,1
DA:41,1
DA:42,1
DA:43,1
DA:44,1
DA:45,1
DA:46,1
DA:47,1
DA:48,1
DA:49,3
DA:50,0
DA:51,0
DA:52,3
DA:53,1
DA:54,1
DA:55,2
DA:56,2
DA:57,2
DA:58,2
DA:59,0
DA:60,0
DA:61,0
DA:62,0
DA:63,0
DA:64,0
DA:65,0
DA:66,0
DA:67,0
DA:68,0
DA:69,0
DA:70,0
DA:71,0
DA:72,0
DA:73,0
DA:74,0
DA:75,0
DA:76,0
DA:77,0
DA:78,0
DA:79,0
DA:80,0
DA:81,0
DA:82,0
DA:83,0
DA:84,0
DA:85,0
DA:86,0
DA:87,0
DA:88,0
DA:89,0
DA:90,0
DA:91,0
DA:92,0
DA:93,0
DA:94,0
DA:95,0
DA:96,0
DA:97,0
DA:98,0
DA:99,0
DA:100,0
DA:101,0
DA:102,0
DA:103,0
DA:104,0
DA:105,0
DA:106,0
DA:107,0
DA:108,0
DA:109,0
DA:110,0
DA:111,0
DA:112,0
DA:113,0
DA:114,0
DA:115,0
DA:116,0
DA:117,0
DA:118,0
DA:119,0
DA:120,0
DA:121,0
DA:122,0
DA:123,0
DA:124,0
DA:125,2
DA:126,2
DA:127,2
DA:128,2
DA:129,1
LF:129
LH:59
BRDA:8,0,0,4
BRDA:10,1,0,3
BRDA:10,2,0,1
BRDA:13,3,0,3
BRDA:14,4,0,2
BRDA:16,5,0,1
BRDA:21,6,0,3
BRDA:25,7,0,1
BRDA:25,8,0,2
BRDA:28,9,0,1
BRDA:28,10,0,0
BRDA:31,11,0,1
BRDA:49,12,0,0
BRDA:54,13,0,2
BRDA:58,14,0,0
BRF:15
BRH:12
end_of_record
TN:
SF:src/utils/axios.js
FNF:0
FNH:0
DA:1,1
DA:2,1
DA:3,1
DA:4,1
DA:5,1
DA:6,1
DA:7,1
DA:8,1
DA:9,1
DA:10,1
DA:11,1
LF:11
LH:11
BRF:0
BRH:0
end_of_record
TN:
SF:src/utils/updateAttempts.js
FN:1,updateAttempts
FNF:1
FNH:0
FNDA:0,updateAttempts
DA:1,1
DA:2,0
DA:3,0
DA:4,0
DA:5,0
DA:6,0
DA:7,0
DA:8,1
LF:8
LH:2
BRF:0
BRH:0
end_of_record
TN:
SF:src/utils/updatePartialWord.js
FN:1,updatePartialWord
FNF:1
FNH:0
FNDA:0,updatePartialWord
DA:1,1
DA:2,0
DA:3,0
DA:4,0
DA:5,0
DA:6,0
DA:7,0
DA:8,1
DA:9,1
LF:9
LH:3
BRF:0
BRH:0
end_of_record
